sáb 21 dic 2024 19:33:20 -05 - Autostart iniciado
sáb 21 dic 2024 19:33:20 -05 - Reiniciando dunst
sáb 21 dic 2024 19:33:20 -05 - Reiniciando picom
sáb 21 dic 2024 19:33:20 -05 - Reiniciando polybar
sáb 21 dic 2024 19:33:20 -05 - Reiniciando feh
sáb 21 dic 2024 19:33:20 -05 - Reiniciando polkit-gnome-authentication-agent-1
sáb 21 dic 2024 19:33:21 -05 - Reiniciando sxhkd
sáb 21 dic 2024 19:33:21 -05 - Reiniciando udiskie
sáb 21 dic 2024 19:33:21 -05 - Autostart completado
dom 22 dic 2024 15:31:11 -05 - Autostart iniciado
dom 22 dic 2024 15:31:11 -05 - Reiniciando dunst
dom 22 dic 2024 15:31:11 -05 - Reiniciando picom
dom 22 dic 2024 15:31:11 -05 - Reiniciando polybar
dom 22 dic 2024 15:31:11 -05 - Reiniciando feh
dom 22 dic 2024 15:31:11 -05 - Reiniciando polkit-gnome-authentication-agent-1
dom 22 dic 2024 15:31:11 -05 - Reiniciando sxhkd
dom 22 dic 2024 15:31:12 -05 - Reiniciando udiskie
dom 22 dic 2024 15:31:12 -05 - Autostart completado
dom 22 dic 2024 20:50:41 -05 - Autostart iniciado
dom 22 dic 2024 20:50:41 -05 - Reiniciando dunst
dom 22 dic 2024 20:50:42 -05 - Reiniciando picom
dom 22 dic 2024 20:50:42 -05 - Reiniciando polybar
dom 22 dic 2024 20:50:42 -05 - Reiniciando feh
dom 22 dic 2024 20:50:42 -05 - Reiniciando polkit-gnome-authentication-agent-1
dom 22 dic 2024 20:50:42 -05 - Reiniciando sxhkd
dom 22 dic 2024 20:50:42 -05 - Reiniciando udiskie
dom 22 dic 2024 20:50:42 -05 - Autostart completado
lun 23 dic 2024 19:45:11 -05 - Autostart iniciado
lun 23 dic 2024 19:45:11 -05 - Reiniciando dunst
lun 23 dic 2024 19:45:11 -05 - Reiniciando picom
lun 23 dic 2024 19:45:11 -05 - Reiniciando polybar
lun 23 dic 2024 19:45:11 -05 - Reiniciando feh
lun 23 dic 2024 19:45:11 -05 - Reiniciando polkit-gnome-authentication-agent-1
lun 23 dic 2024 19:45:11 -05 - Reiniciando sxhkd
lun 23 dic 2024 19:45:11 -05 - Reiniciando udiskie
lun 23 dic 2024 19:45:11 -05 - Autostart completado
mié 25 dic 2024 07:47:03 -05 - Autostart iniciado
mié 25 dic 2024 07:47:03 -05 - Reiniciando dunst
mié 25 dic 2024 07:47:03 -05 - Reiniciando picom
mié 25 dic 2024 07:47:03 -05 - Reiniciando polybar
mié 25 dic 2024 07:47:03 -05 - Reiniciando feh
mié 25 dic 2024 07:47:03 -05 - Reiniciando polkit-gnome-authentication-agent-1
mié 25 dic 2024 07:47:03 -05 - Reiniciando sxhkd
mié 25 dic 2024 07:47:03 -05 - Reiniciando udiskie
mié 25 dic 2024 07:47:03 -05 - Autostart completado
mié 25 dic 2024 11:19:02 -05 - Autostart iniciado
mié 25 dic 2024 11:19:02 -05 - Reiniciando dunst
mié 25 dic 2024 11:19:02 -05 - Reiniciando picom
mié 25 dic 2024 11:19:02 -05 - Reiniciando polybar
mié 25 dic 2024 11:19:02 -05 - Reiniciando feh
mié 25 dic 2024 11:19:03 -05 - Reiniciando polkit-gnome-authentication-agent-1
mié 25 dic 2024 11:19:03 -05 - Reiniciando sxhkd
mié 25 dic 2024 11:19:03 -05 - Reiniciando udiskie
mié 25 dic 2024 11:19:03 -05 - Autostart completado
jue 26 dic 2024 19:39:08 -05 - Autostart iniciado
jue 26 dic 2024 19:39:08 -05 - Reiniciando dunst
jue 26 dic 2024 19:39:08 -05 - Reiniciando picom
jue 26 dic 2024 19:39:08 -05 - Reiniciando polybar
jue 26 dic 2024 19:39:08 -05 - Reiniciando feh
jue 26 dic 2024 19:39:08 -05 - Reiniciando polkit-gnome-authentication-agent-1
jue 26 dic 2024 19:39:08 -05 - Reiniciando sxhkd
jue 26 dic 2024 19:39:08 -05 - Reiniciando udiskie
jue 26 dic 2024 19:39:08 -05 - Autostart completado
vie 27 dic 2024 19:50:03 -05 - Autostart iniciado
vie 27 dic 2024 19:50:03 -05 - Reiniciando dunst
vie 27 dic 2024 19:50:04 -05 - Reiniciando picom
vie 27 dic 2024 19:50:04 -05 - Reiniciando polybar
vie 27 dic 2024 19:50:04 -05 - Reiniciando feh
vie 27 dic 2024 19:50:04 -05 - Reiniciando polkit-gnome-authentication-agent-1
vie 27 dic 2024 19:50:04 -05 - Reiniciando sxhkd
vie 27 dic 2024 19:50:04 -05 - Reiniciando udiskie
vie 27 dic 2024 19:50:04 -05 - Autostart completado
sáb 28 dic 2024 09:14:08 -05 - Autostart iniciado
sáb 28 dic 2024 09:14:08 -05 - Reiniciando dunst
sáb 28 dic 2024 09:14:08 -05 - Reiniciando picom
sáb 28 dic 2024 09:14:08 -05 - Reiniciando polybar
sáb 28 dic 2024 09:14:08 -05 - Reiniciando feh
sáb 28 dic 2024 09:14:08 -05 - Reiniciando polkit-gnome-authentication-agent-1
sáb 28 dic 2024 09:14:08 -05 - Reiniciando sxhkd
sáb 28 dic 2024 09:14:08 -05 - Reiniciando udiskie
sáb 28 dic 2024 09:14:08 -05 - Autostart completado
sáb 28 dic 2024 20:24:59 -05 - Autostart iniciado
sáb 28 dic 2024 20:24:59 -05 - Reiniciando dunst
sáb 28 dic 2024 20:24:59 -05 - Reiniciando picom
sáb 28 dic 2024 20:24:59 -05 - Reiniciando polybar
sáb 28 dic 2024 20:24:59 -05 - Reiniciando feh
sáb 28 dic 2024 20:24:59 -05 - Reiniciando polkit-gnome-authentication-agent-1
sáb 28 dic 2024 20:24:59 -05 - Reiniciando sxhkd
sáb 28 dic 2024 20:24:59 -05 - Reiniciando udiskie
sáb 28 dic 2024 20:24:59 -05 - Autostart completado
dom 29 dic 2024 07:32:32 -05 - Autostart iniciado
dom 29 dic 2024 07:32:32 -05 - Reiniciando dunst
dom 29 dic 2024 07:32:32 -05 - Reiniciando picom
dom 29 dic 2024 07:32:32 -05 - Reiniciando polybar
dom 29 dic 2024 07:32:32 -05 - Reiniciando polkit-gnome-authentication-agent-1
dom 29 dic 2024 07:32:32 -05 - Reiniciando sxhkd
dom 29 dic 2024 07:32:32 -05 - Reiniciando udiskie
dom 29 dic 2024 07:32:32 -05 - Autostart completado
dom 29 dic 2024 15:04:24 -05 - Autostart iniciado
dom 29 dic 2024 15:04:24 -05 - Reiniciando dunst
dom 29 dic 2024 15:04:24 -05 - Reiniciando picom
dom 29 dic 2024 15:04:24 -05 - Reiniciando polybar
dom 29 dic 2024 15:04:24 -05 - Reiniciando polkit-gnome-authentication-agent-1
dom 29 dic 2024 15:04:24 -05 - Reiniciando sxhkd
dom 29 dic 2024 15:04:24 -05 - Reiniciando udiskie
dom 29 dic 2024 15:04:24 -05 - Autostart completado
dom 29 dic 2024 15:07:52 -05 - Autostart iniciado
dom 29 dic 2024 15:07:52 -05 - Reiniciando dunst
dom 29 dic 2024 15:07:52 -05 - Reiniciando picom
dom 29 dic 2024 15:07:52 -05 - Reiniciando polybar
dom 29 dic 2024 15:13:00 -05 - Autostart iniciado
dom 29 dic 2024 15:13:00 -05 - Reiniciando dunst
dom 29 dic 2024 15:13:00 -05 - Reiniciando picom
dom 29 dic 2024 15:13:00 -05 - Reiniciando polybar
dom 29 dic 2024 15:16:42 -05 - Autostart iniciado
dom 29 dic 2024 15:16:42 -05 - Reiniciando dunst
dom 29 dic 2024 15:16:42 -05 - Reiniciando picom
dom 29 dic 2024 15:16:42 -05 - Reiniciando polybar
dom 29 dic 2024 15:16:42 -05 - Reiniciando polkit-gnome-authentication-agent-1
dom 29 dic 2024 15:16:42 -05 - Reiniciando sxhkd
dom 29 dic 2024 15:16:42 -05 - Reiniciando udiskie
dom 29 dic 2024 15:16:42 -05 - Autostart completado
lun 30 dic 2024 12:57:14 -05 - Autostart iniciado
lun 30 dic 2024 12:57:14 -05 - Reiniciando dunst
lun 30 dic 2024 12:57:15 -05 - Reiniciando picom
lun 30 dic 2024 12:57:15 -05 - Reiniciando polybar
lun 30 dic 2024 12:57:15 -05 - Reiniciando polkit-gnome-authentication-agent-1
lun 30 dic 2024 12:57:15 -05 - Reiniciando sxhkd
lun 30 dic 2024 12:57:15 -05 - Reiniciando udiskie
lun 30 dic 2024 12:57:15 -05 - Autostart completado
dom 09 feb 2025 10:32:55 -05 - Autostart iniciado
dom 09 feb 2025 10:32:55 -05 - Reiniciando dunst
dom 09 feb 2025 10:32:55 -05 - Reiniciando picom
dom 09 feb 2025 10:32:55 -05 - Reiniciando polybar
dom 09 feb 2025 10:32:55 -05 - Reiniciando polkit-gnome-authentication-agent-1
dom 09 feb 2025 10:32:55 -05 - Reiniciando sxhkd
dom 09 feb 2025 10:32:55 -05 - Reiniciando udiskie
dom 09 feb 2025 10:32:55 -05 - Autostart completado
dom 09 feb 2025 10:44:05 -05 - Autostart iniciado
dom 09 feb 2025 10:44:05 -05 - Reiniciando dunst
dom 09 feb 2025 10:44:05 -05 - Reiniciando picom
dom 09 feb 2025 10:44:05 -05 - Reiniciando polybar
dom 09 feb 2025 10:44:05 -05 - Reiniciando polkit-gnome-authentication-agent-1
dom 09 feb 2025 10:44:05 -05 - Reiniciando sxhkd
dom 09 feb 2025 10:44:05 -05 - Reiniciando udiskie
dom 09 feb 2025 10:44:05 -05 - Autostart completado
